<?xml version="1.0" encoding="UTF-8"?>
<testng-results ignored="1" total="2" passed="1" failed="0" skipped="0">
  <reporter-output>
  </reporter-output>
  <suite started-at="2023-05-11T15:51:40 CEST" name="User" finished-at="2023-05-11T15:51:54 CEST" duration-ms="13927">
    <groups>
    </groups>
    <test started-at="2023-05-11T15:51:40 CEST" name="UserTests" finished-at="2023-05-11T15:51:54 CEST" duration-ms="13927">
      <class name="tests.bookStore.LoginPageTests">
        <test-method is-config="true" signature="setUp()[pri:0, instance:tests.bookStore.LoginPageTests@75329a49]" started-at="2023-05-11T15:51:40 CEST" name="setUp" finished-at="2023-05-11T15:51:50 CEST" duration-ms="9534" status="PASS">
          <reporter-output>
          </reporter-output>
        </test-method> <!-- setUp -->
        <test-method is-config="true" signature="precondition()[pri:0, instance:tests.bookStore.LoginPageTests@75329a49]" started-at="2023-05-11T15:51:50 CEST" name="precondition" finished-at="2023-05-11T15:51:52 CEST" duration-ms="2519" status="PASS">
          <reporter-output>
          </reporter-output>
        </test-method> <!-- precondition -->
        <test-method signature="loginPositiveWithParametersTests(java.lang.String,java.lang.String)[pri:0, instance:tests.bookStore.LoginPageTests@75329a49]" started-at="2023-05-11T15:51:52 CEST" name="loginPositiveWithParametersTests" finished-at="2023-05-11T15:51:54 CEST" duration-ms="1771" status="PASS">
          <params>
            <param index="0">
              <value>
                <![CDATA[pavel]]>
              </value>
            </param>
            <param index="1">
              <value>
                <![CDATA[Price123$]]>
              </value>
            </param>
          </params>
          <reporter-output>
          </reporter-output>
        </test-method> <!-- loginPositiveWithParametersTests -->
      </class> <!-- tests.bookStore.LoginPageTests -->
    </test> <!-- UserTests -->
  </suite> <!-- User -->
</testng-results>
