<?xml version="1.0" encoding="UTF-8"?>
<!-- Generated by org.testng.reporters.JUnitXMLReporter -->
<testsuite ignored="1" hostname="DESKTOP-OS617JJ" failures="0" tests="1" name="UserTests" time="13.927" errors="0" timestamp="2023-05-11T15:51:54 CEST">
  <testcase classname="tests.bookStore.LoginPageTests" name="loginPositiveWithParametersTests" time="1.771"/>
  <testcase classname="tests.bookStore.LoginPageTests" name="loginPositiveTests" time="0.0">
    <ignored/>
  </testcase> <!-- loginPositiveTests -->
</testsuite> <!-- UserTests -->
